[INFO ] 2020-05-05 16:09:23.662 [main] TC001_Get_All_Employees - *************************started TC001_Get_All_Employees **********************************
[INFO ] 2020-05-05 16:09:25.015 [main] TC001_Get_All_Employees - ********************* checking contentEncoding  ********************
[INFO ] 2020-05-05 16:09:25.015 [main] TC001_Get_All_Employees - contentEncoding == gzip
[INFO ] 2020-05-05 16:09:25.028 [main] TC001_Get_All_Employees - ********************* checking content Length  ********************
[INFO ] 2020-05-05 16:09:25.028 [main] TC001_Get_All_Employees - contentLength is == 595
[INFO ] 2020-05-05 16:09:25.030 [main] TC001_Get_All_Employees - ********************* checking Content Type ********************
[INFO ] 2020-05-05 16:09:25.030 [main] TC001_Get_All_Employees - contentType == application/json;charset=utf-8
[INFO ] 2020-05-05 16:09:25.032 [main] TC001_Get_All_Employees - ********************* checking cookies  ********************
[INFO ] 2020-05-05 16:09:25.034 [main] TC001_Get_All_Employees - ********************* checking response body ********************
[INFO ] 2020-05-05 16:09:25.053 [main] TC001_Get_All_Employees - Response Body =={"status":"success","data":[{"id":"1","employee_name":"Tiger Nixon","employee_salary":"320800","employee_age":"61","profile_image":""},{"id":"2","employee_name":"Garrett Winters","employee_salary":"170750","employee_age":"63","profile_image":""},{"id":"3","employee_name":"Ashton Cox","employee_salary":"86000","employee_age":"66","profile_image":""},{"id":"4","employee_name":"Cedric Kelly","employee_salary":"433060","employee_age":"22","profile_image":""},{"id":"5","employee_name":"Airi Satou","employee_salary":"162700","employee_age":"33","profile_image":""},{"id":"6","employee_name":"Brielle Williamson","employee_salary":"372000","employee_age":"61","profile_image":""},{"id":"7","employee_name":"Herrod Chandler","employee_salary":"137500","employee_age":"59","profile_image":""},{"id":"8","employee_name":"Rhona Davidson","employee_salary":"327900","employee_age":"55","profile_image":""},{"id":"9","employee_name":"Colleen Hurst","employee_salary":"205500","employee_age":"39","profile_image":""},{"id":"10","employee_name":"Sonya Frost","employee_salary":"103600","employee_age":"23","profile_image":""},{"id":"11","employee_name":"Jena Gaines","employee_salary":"90560","employee_age":"30","profile_image":""},{"id":"12","employee_name":"Quinn Flynn","employee_salary":"342000","employee_age":"22","profile_image":""},{"id":"13","employee_name":"Charde Marshall","employee_salary":"470600","employee_age":"36","profile_image":""},{"id":"14","employee_name":"Haley Kennedy","employee_salary":"313500","employee_age":"43","profile_image":""},{"id":"15","employee_name":"Tatyana Fitzpatrick","employee_salary":"385750","employee_age":"19","profile_image":""},{"id":"16","employee_name":"Michael Silva","employee_salary":"198500","employee_age":"66","profile_image":""},{"id":"17","employee_name":"Paul Byrd","employee_salary":"725000","employee_age":"64","profile_image":""},{"id":"18","employee_name":"Gloria Little","employee_salary":"237500","employee_age":"59","profile_image":""},{"id":"19","employee_name":"Bradley Greer","employee_salary":"132000","employee_age":"41","profile_image":""},{"id":"20","employee_name":"Dai Rios","employee_salary":"217500","employee_age":"35","profile_image":""},{"id":"21","employee_name":"Jenette Caldwell","employee_salary":"345000","employee_age":"30","profile_image":""},{"id":"22","employee_name":"Yuri Berry","employee_salary":"675000","employee_age":"40","profile_image":""},{"id":"23","employee_name":"Caesar Vance","employee_salary":"106450","employee_age":"21","profile_image":""},{"id":"24","employee_name":"Doris Wilder","employee_salary":"85600","employee_age":"23","profile_image":""}]}
[INFO ] 2020-05-05 16:09:25.055 [main] TC001_Get_All_Employees - ********************* checking Response Time ********************
[INFO ] 2020-05-05 16:09:25.055 [main] TC001_Get_All_Employees - responseTime == 529
[INFO ] 2020-05-05 16:09:25.056 [main] TC001_Get_All_Employees - ********************* checking server Type ********************
[INFO ] 2020-05-05 16:09:25.057 [main] TC001_Get_All_Employees - serverType == nginx/1.16.0
[INFO ] 2020-05-05 16:09:25.059 [main] TC001_Get_All_Employees - ********************* checking status code ********************
[INFO ] 2020-05-05 16:09:25.059 [main] TC001_Get_All_Employees - statusCode == 200
[INFO ] 2020-05-05 16:09:25.061 [main] TC001_Get_All_Employees - ********************* checking Response Time ********************
[INFO ] 2020-05-05 16:09:25.061 [main] TC001_Get_All_Employees - statusLine == HTTP/1.1 200 OK
[INFO ] 2020-05-05 16:09:25.063 [main] TC001_Get_All_Employees - ********************* Finish TC001_Get_All_Employees  ********************
[INFO ] 2020-05-05 20:25:54.731 [main] TC001_Get_All_Employees - *************************started TC002_GET_Single_Employee_Record **********************************
[INFO ] 2020-05-05 20:25:57.225 [main] TC001_Get_All_Employees - ********************* Finish TC002_GET_Single_Employee_Record  ********************
[INFO ] 2020-05-05 20:29:42.657 [main] TC001_Get_All_Employees - *************************started TC002_GET_Single_Employee_Record **********************************
[INFO ] 2020-05-05 20:29:44.413 [main] TC001_Get_All_Employees - ********************* Finish TC002_GET_Single_Employee_Record  ********************
[INFO ] 2020-05-05 20:39:42.477 [main] TC001_Get_All_Employees - *************************started TC002_GET_Single_Employee_Record **********************************
[INFO ] 2020-05-05 20:39:44.302 [main] TC001_Get_All_Employees - ********************* Finish TC002_GET_Single_Employee_Record  ********************
[INFO ] 2020-05-05 20:42:29.509 [main] TC001_Get_All_Employees - *************************started TC002_GET_Single_Employee_Record **********************************
[INFO ] 2020-05-05 20:42:31.457 [main] TC001_Get_All_Employees - ********************* Finish TC002_GET_Single_Employee_Record  ********************
[INFO ] 2020-05-05 20:42:59.272 [main] TC001_Get_All_Employees - *************************started TC002_GET_Single_Employee_Record **********************************
[INFO ] 2020-05-05 20:43:01.105 [main] TC001_Get_All_Employees - ********************* Finish TC002_GET_Single_Employee_Record  ********************
[INFO ] 2020-05-05 20:43:26.487 [main] TC001_Get_All_Employees - *************************started TC002_GET_Single_Employee_Record **********************************
[INFO ] 2020-05-05 20:43:28.495 [main] TC001_Get_All_Employees - ********************* Finish TC002_GET_Single_Employee_Record  ********************
[INFO ] 2020-05-05 20:44:20.229 [main] TC001_Get_All_Employees - *************************started TC002_GET_Single_Employee_Record **********************************
[INFO ] 2020-05-05 20:44:21.981 [main] TC001_Get_All_Employees - ********************* Finish TC002_GET_Single_Employee_Record  ********************
[INFO ] 2020-05-06 11:30:19.735 [main] TC003_POST_Employee_Record - *************************started TC003_POST_Employee_Record **********************************
[INFO ] 2020-05-06 11:30:26.679 [main] TC003_POST_Employee_Record - ********************* Finish TC003_POST_Employee_Record  ********************
[INFO ] 2020-05-06 11:31:24.347 [main] TC003_POST_Employee_Record - *************************started TC003_POST_Employee_Record **********************************
[INFO ] 2020-05-06 11:31:31.238 [main] TC003_POST_Employee_Record - ********************* Finish TC003_POST_Employee_Record  ********************
[INFO ] 2020-05-06 11:32:58.842 [main] TC003_POST_Employee_Record - *************************started TC003_POST_Employee_Record **********************************
[INFO ] 2020-05-06 11:33:05.838 [main] TC003_POST_Employee_Record - ********************* Finish TC003_POST_Employee_Record  ********************
[INFO ] 2020-05-06 11:34:03.079 [main] TC003_POST_Employee_Record - *************************started TC003_POST_Employee_Record **********************************
[INFO ] 2020-05-06 11:34:10.100 [main] TC003_POST_Employee_Record - ********************* Finish TC003_POST_Employee_Record  ********************
[INFO ] 2020-05-06 11:41:21.438 [main] TC003_POST_Employee_Record - *************************started TC004_PUT_Employee_Record **********************************
[INFO ] 2020-05-06 11:41:28.790 [main] TC003_POST_Employee_Record - ********************* Finish TC004_PUT_Employee_Record  ********************
[INFO ] 2020-05-06 11:43:56.249 [main] TC003_POST_Employee_Record - *************************started TC004_PUT_Employee_Record **********************************
[INFO ] 2020-05-06 11:44:03.233 [main] TC003_POST_Employee_Record - ********************* Finish TC004_PUT_Employee_Record  ********************
[INFO ] 2020-05-06 11:58:05.331 [main] TC001_Get_All_Employees - *************************started TC002_GET_Single_Employee_Record **********************************
[INFO ] 2020-05-06 11:59:40.816 [main] TC001_Get_All_Employees - *************************started TC002_GET_Single_Employee_Record **********************************
[INFO ] 2020-05-06 12:04:40.660 [main] TC001_Get_All_Employees - *************************started TC002_GET_Single_Employee_Record **********************************
[INFO ] 2020-05-06 12:06:37.382 [main] TC001_Get_All_Employees - *************************started TC002_GET_Single_Employee_Record **********************************
[INFO ] 2020-05-06 12:13:58.303 [main] TC001_Get_All_Employees - *************************started TC001_Get_All_Employees **********************************
[INFO ] 2020-05-06 12:13:59.673 [main] TC001_Get_All_Employees - ********************* checking contentEncoding  ********************
[INFO ] 2020-05-06 12:13:59.673 [main] TC001_Get_All_Employees - contentEncoding == gzip
[INFO ] 2020-05-06 12:13:59.678 [main] TC001_Get_All_Employees - ********************* checking content Length  ********************
[INFO ] 2020-05-06 12:13:59.679 [main] TC001_Get_All_Employees - contentLength is == 595
[INFO ] 2020-05-06 12:13:59.682 [main] TC001_Get_All_Employees - ********************* checking Content Type ********************
[INFO ] 2020-05-06 12:13:59.682 [main] TC001_Get_All_Employees - contentType == application/json;charset=utf-8
[INFO ] 2020-05-06 12:13:59.685 [main] TC001_Get_All_Employees - ********************* checking cookies  ********************
[INFO ] 2020-05-06 12:13:59.688 [main] TC001_Get_All_Employees - ********************* checking response body ********************
[INFO ] 2020-05-06 12:13:59.712 [main] TC001_Get_All_Employees - Response Body =={"status":"success","data":[{"id":"1","employee_name":"Tiger Nixon","employee_salary":"320800","employee_age":"61","profile_image":""},{"id":"2","employee_name":"Garrett Winters","employee_salary":"170750","employee_age":"63","profile_image":""},{"id":"3","employee_name":"Ashton Cox","employee_salary":"86000","employee_age":"66","profile_image":""},{"id":"4","employee_name":"Cedric Kelly","employee_salary":"433060","employee_age":"22","profile_image":""},{"id":"5","employee_name":"Airi Satou","employee_salary":"162700","employee_age":"33","profile_image":""},{"id":"6","employee_name":"Brielle Williamson","employee_salary":"372000","employee_age":"61","profile_image":""},{"id":"7","employee_name":"Herrod Chandler","employee_salary":"137500","employee_age":"59","profile_image":""},{"id":"8","employee_name":"Rhona Davidson","employee_salary":"327900","employee_age":"55","profile_image":""},{"id":"9","employee_name":"Colleen Hurst","employee_salary":"205500","employee_age":"39","profile_image":""},{"id":"10","employee_name":"Sonya Frost","employee_salary":"103600","employee_age":"23","profile_image":""},{"id":"11","employee_name":"Jena Gaines","employee_salary":"90560","employee_age":"30","profile_image":""},{"id":"12","employee_name":"Quinn Flynn","employee_salary":"342000","employee_age":"22","profile_image":""},{"id":"13","employee_name":"Charde Marshall","employee_salary":"470600","employee_age":"36","profile_image":""},{"id":"14","employee_name":"Haley Kennedy","employee_salary":"313500","employee_age":"43","profile_image":""},{"id":"15","employee_name":"Tatyana Fitzpatrick","employee_salary":"385750","employee_age":"19","profile_image":""},{"id":"16","employee_name":"Michael Silva","employee_salary":"198500","employee_age":"66","profile_image":""},{"id":"17","employee_name":"Paul Byrd","employee_salary":"725000","employee_age":"64","profile_image":""},{"id":"18","employee_name":"Gloria Little","employee_salary":"237500","employee_age":"59","profile_image":""},{"id":"19","employee_name":"Bradley Greer","employee_salary":"132000","employee_age":"41","profile_image":""},{"id":"20","employee_name":"Dai Rios","employee_salary":"217500","employee_age":"35","profile_image":""},{"id":"21","employee_name":"Jenette Caldwell","employee_salary":"345000","employee_age":"30","profile_image":""},{"id":"22","employee_name":"Yuri Berry","employee_salary":"675000","employee_age":"40","profile_image":""},{"id":"23","employee_name":"Caesar Vance","employee_salary":"106450","employee_age":"21","profile_image":""},{"id":"24","employee_name":"Doris Wilder","employee_salary":"85600","employee_age":"23","profile_image":""}]}
[INFO ] 2020-05-06 12:13:59.714 [main] TC001_Get_All_Employees - ********************* checking Response Time ********************
[INFO ] 2020-05-06 12:13:59.714 [main] TC001_Get_All_Employees - responseTime == 554
[INFO ] 2020-05-06 12:13:59.716 [main] TC001_Get_All_Employees - ********************* checking server Type ********************
[INFO ] 2020-05-06 12:13:59.716 [main] TC001_Get_All_Employees - serverType == nginx/1.16.0
[INFO ] 2020-05-06 12:13:59.724 [main] TC001_Get_All_Employees - ********************* checking status code ********************
[INFO ] 2020-05-06 12:13:59.724 [main] TC001_Get_All_Employees - statusCode == 200
[INFO ] 2020-05-06 12:13:59.727 [main] TC001_Get_All_Employees - ********************* checking Response Time ********************
[INFO ] 2020-05-06 12:13:59.727 [main] TC001_Get_All_Employees - statusLine == HTTP/1.1 200 OK
[INFO ] 2020-05-06 12:13:59.728 [main] TC001_Get_All_Employees - ********************* Finish TC001_Get_All_Employees  ********************
[INFO ] 2020-05-06 12:18:25.076 [main] TC005_DELETE_Employee_Record - *************************started TC005_DELETE_Employee_Record **********************************
[INFO ] 2020-05-06 12:28:49.661 [main] TC005_DELETE_Employee_Record - *************************started TC005_DELETE_Employee_Record **********************************
[INFO ] 2020-05-06 12:29:46.199 [main] TC005_DELETE_Employee_Record - *************************started TC005_DELETE_Employee_Record **********************************
[INFO ] 2020-05-06 12:30:15.024 [main] TC005_DELETE_Employee_Record - *************************started TC005_DELETE_Employee_Record **********************************
[INFO ] 2020-05-06 12:31:55.928 [main] TC005_DELETE_Employee_Record - *************************started TC005_DELETE_Employee_Record **********************************
[INFO ] 2020-05-06 12:32:33.558 [main] TC005_DELETE_Employee_Record - *************************started TC005_DELETE_Employee_Record **********************************
[INFO ] 2020-05-06 12:36:21.139 [main] TC005_DELETE_Employee_Record - *************************started TC005_DELETE_Employee_Record **********************************
[INFO ] 2020-05-06 12:43:29.676 [main] TC005_DELETE_Employee_Record - *************************started TC005_DELETE_Employee_Record **********************************
[INFO ] 2020-05-06 12:44:38.693 [main] TC005_DELETE_Employee_Record - *************************started TC005_DELETE_Employee_Record **********************************
[INFO ] 2020-05-06 13:18:51.429 [main] TC005_DELETE_Employee_Record - *************************started TC005_DELETE_Employee_Record **********************************
[INFO ] 2020-05-06 13:19:13.495 [main] TC005_DELETE_Employee_Record - *************************started TC005_DELETE_Employee_Record **********************************
[INFO ] 2020-05-06 13:23:09.079 [main] TC005_DELETE_Employee_Record - *************************started TC005_DELETE_Employee_Record **********************************
[INFO ] 2020-05-06 13:23:10.670 [main] TC005_DELETE_Employee_Record - ********************* Finish TC005_DELETE_Employee_Record  ********************
[INFO ] 2020-05-06 13:28:45.843 [main] TC005_DELETE_Employee_Record - *************************started TC005_DELETE_Employee_Record **********************************
[INFO ] 2020-05-06 13:43:05.282 [main] TC001_Get_All_Employees - *************************started TC001_Get_All_Employees **********************************
[INFO ] 2020-05-06 13:43:06.744 [main] TC001_Get_All_Employees - ********************* checking contentEncoding  ********************
[INFO ] 2020-05-06 13:43:06.745 [main] TC001_Get_All_Employees - contentEncoding == gzip
[INFO ] 2020-05-06 13:43:06.750 [main] TC001_Get_All_Employees - ********************* checking content Length  ********************
[INFO ] 2020-05-06 13:43:06.751 [main] TC001_Get_All_Employees - contentLength is == 595
[INFO ] 2020-05-06 13:43:06.753 [main] TC001_Get_All_Employees - ********************* checking Content Type ********************
[INFO ] 2020-05-06 13:43:06.753 [main] TC001_Get_All_Employees - contentType == application/json;charset=utf-8
[INFO ] 2020-05-06 13:43:06.755 [main] TC001_Get_All_Employees - ********************* checking cookies  ********************
[INFO ] 2020-05-06 13:43:06.759 [main] TC001_Get_All_Employees - ********************* checking response body ********************
[INFO ] 2020-05-06 13:43:06.785 [main] TC001_Get_All_Employees - Response Body =={"status":"success","data":[{"id":"1","employee_name":"Tiger Nixon","employee_salary":"320800","employee_age":"61","profile_image":""},{"id":"2","employee_name":"Garrett Winters","employee_salary":"170750","employee_age":"63","profile_image":""},{"id":"3","employee_name":"Ashton Cox","employee_salary":"86000","employee_age":"66","profile_image":""},{"id":"4","employee_name":"Cedric Kelly","employee_salary":"433060","employee_age":"22","profile_image":""},{"id":"5","employee_name":"Airi Satou","employee_salary":"162700","employee_age":"33","profile_image":""},{"id":"6","employee_name":"Brielle Williamson","employee_salary":"372000","employee_age":"61","profile_image":""},{"id":"7","employee_name":"Herrod Chandler","employee_salary":"137500","employee_age":"59","profile_image":""},{"id":"8","employee_name":"Rhona Davidson","employee_salary":"327900","employee_age":"55","profile_image":""},{"id":"9","employee_name":"Colleen Hurst","employee_salary":"205500","employee_age":"39","profile_image":""},{"id":"10","employee_name":"Sonya Frost","employee_salary":"103600","employee_age":"23","profile_image":""},{"id":"11","employee_name":"Jena Gaines","employee_salary":"90560","employee_age":"30","profile_image":""},{"id":"12","employee_name":"Quinn Flynn","employee_salary":"342000","employee_age":"22","profile_image":""},{"id":"13","employee_name":"Charde Marshall","employee_salary":"470600","employee_age":"36","profile_image":""},{"id":"14","employee_name":"Haley Kennedy","employee_salary":"313500","employee_age":"43","profile_image":""},{"id":"15","employee_name":"Tatyana Fitzpatrick","employee_salary":"385750","employee_age":"19","profile_image":""},{"id":"16","employee_name":"Michael Silva","employee_salary":"198500","employee_age":"66","profile_image":""},{"id":"17","employee_name":"Paul Byrd","employee_salary":"725000","employee_age":"64","profile_image":""},{"id":"18","employee_name":"Gloria Little","employee_salary":"237500","employee_age":"59","profile_image":""},{"id":"19","employee_name":"Bradley Greer","employee_salary":"132000","employee_age":"41","profile_image":""},{"id":"20","employee_name":"Dai Rios","employee_salary":"217500","employee_age":"35","profile_image":""},{"id":"21","employee_name":"Jenette Caldwell","employee_salary":"345000","employee_age":"30","profile_image":""},{"id":"22","employee_name":"Yuri Berry","employee_salary":"675000","employee_age":"40","profile_image":""},{"id":"23","employee_name":"Caesar Vance","employee_salary":"106450","employee_age":"21","profile_image":""},{"id":"24","employee_name":"Doris Wilder","employee_salary":"85600","employee_age":"23","profile_image":""}]}
[INFO ] 2020-05-06 13:43:06.787 [main] TC001_Get_All_Employees - ********************* checking Response Time ********************
[INFO ] 2020-05-06 13:43:06.788 [main] TC001_Get_All_Employees - responseTime == 611
[INFO ] 2020-05-06 13:43:06.794 [main] TC001_Get_All_Employees - ********************* checking server Type ********************
[INFO ] 2020-05-06 13:43:06.794 [main] TC001_Get_All_Employees - serverType == nginx/1.16.0
[INFO ] 2020-05-06 13:43:06.797 [main] TC001_Get_All_Employees - ********************* checking status code ********************
[INFO ] 2020-05-06 13:43:06.797 [main] TC001_Get_All_Employees - statusCode == 200
[INFO ] 2020-05-06 13:43:06.801 [main] TC001_Get_All_Employees - ********************* checking Response Time ********************
[INFO ] 2020-05-06 13:43:06.807 [main] TC001_Get_All_Employees - statusLine == HTTP/1.1 200 OK
[INFO ] 2020-05-06 13:43:06.809 [main] TC001_Get_All_Employees - ********************* Finish TC001_Get_All_Employees  ********************
[INFO ] 2020-05-06 14:01:33.220 [main] TC001_Get_All_Employees - *************************started TC001_Get_All_Employees **********************************
[INFO ] 2020-05-06 14:01:34.591 [main] TC001_Get_All_Employees - ********************* checking contentEncoding  ********************
[INFO ] 2020-05-06 14:01:34.591 [main] TC001_Get_All_Employees - contentEncoding == gzip
[INFO ] 2020-05-06 14:01:34.595 [main] TC001_Get_All_Employees - ********************* checking content Length  ********************
[INFO ] 2020-05-06 14:01:34.596 [main] TC001_Get_All_Employees - contentLength is == 595
[INFO ] 2020-05-06 14:01:34.597 [main] TC001_Get_All_Employees - ********************* checking Content Type ********************
[INFO ] 2020-05-06 14:01:34.598 [main] TC001_Get_All_Employees - contentType == application/json;charset=utf-8
[INFO ] 2020-05-06 14:01:34.599 [main] TC001_Get_All_Employees - ********************* checking cookies  ********************
[INFO ] 2020-05-06 14:01:34.602 [main] TC001_Get_All_Employees - ********************* checking response body ********************
[INFO ] 2020-05-06 14:01:34.622 [main] TC001_Get_All_Employees - Response Body =={"status":"success","data":[{"id":"1","employee_name":"Tiger Nixon","employee_salary":"320800","employee_age":"61","profile_image":""},{"id":"2","employee_name":"Garrett Winters","employee_salary":"170750","employee_age":"63","profile_image":""},{"id":"3","employee_name":"Ashton Cox","employee_salary":"86000","employee_age":"66","profile_image":""},{"id":"4","employee_name":"Cedric Kelly","employee_salary":"433060","employee_age":"22","profile_image":""},{"id":"5","employee_name":"Airi Satou","employee_salary":"162700","employee_age":"33","profile_image":""},{"id":"6","employee_name":"Brielle Williamson","employee_salary":"372000","employee_age":"61","profile_image":""},{"id":"7","employee_name":"Herrod Chandler","employee_salary":"137500","employee_age":"59","profile_image":""},{"id":"8","employee_name":"Rhona Davidson","employee_salary":"327900","employee_age":"55","profile_image":""},{"id":"9","employee_name":"Colleen Hurst","employee_salary":"205500","employee_age":"39","profile_image":""},{"id":"10","employee_name":"Sonya Frost","employee_salary":"103600","employee_age":"23","profile_image":""},{"id":"11","employee_name":"Jena Gaines","employee_salary":"90560","employee_age":"30","profile_image":""},{"id":"12","employee_name":"Quinn Flynn","employee_salary":"342000","employee_age":"22","profile_image":""},{"id":"13","employee_name":"Charde Marshall","employee_salary":"470600","employee_age":"36","profile_image":""},{"id":"14","employee_name":"Haley Kennedy","employee_salary":"313500","employee_age":"43","profile_image":""},{"id":"15","employee_name":"Tatyana Fitzpatrick","employee_salary":"385750","employee_age":"19","profile_image":""},{"id":"16","employee_name":"Michael Silva","employee_salary":"198500","employee_age":"66","profile_image":""},{"id":"17","employee_name":"Paul Byrd","employee_salary":"725000","employee_age":"64","profile_image":""},{"id":"18","employee_name":"Gloria Little","employee_salary":"237500","employee_age":"59","profile_image":""},{"id":"19","employee_name":"Bradley Greer","employee_salary":"132000","employee_age":"41","profile_image":""},{"id":"20","employee_name":"Dai Rios","employee_salary":"217500","employee_age":"35","profile_image":""},{"id":"21","employee_name":"Jenette Caldwell","employee_salary":"345000","employee_age":"30","profile_image":""},{"id":"22","employee_name":"Yuri Berry","employee_salary":"675000","employee_age":"40","profile_image":""},{"id":"23","employee_name":"Caesar Vance","employee_salary":"106450","employee_age":"21","profile_image":""},{"id":"24","employee_name":"Doris Wilder","employee_salary":"85600","employee_age":"23","profile_image":""}]}
[INFO ] 2020-05-06 14:01:34.625 [main] TC001_Get_All_Employees - ********************* checking Response Time ********************
[INFO ] 2020-05-06 14:01:34.625 [main] TC001_Get_All_Employees - responseTime == 554
[INFO ] 2020-05-06 14:01:34.627 [main] TC001_Get_All_Employees - ********************* checking server Type ********************
[INFO ] 2020-05-06 14:01:34.627 [main] TC001_Get_All_Employees - serverType == nginx/1.16.0
[INFO ] 2020-05-06 14:01:34.629 [main] TC001_Get_All_Employees - ********************* checking status code ********************
[INFO ] 2020-05-06 14:01:34.630 [main] TC001_Get_All_Employees - statusCode == 200
[INFO ] 2020-05-06 14:01:34.632 [main] TC001_Get_All_Employees - ********************* checking Response Time ********************
[INFO ] 2020-05-06 14:01:34.632 [main] TC001_Get_All_Employees - statusLine == HTTP/1.1 200 OK
[INFO ] 2020-05-06 14:01:34.634 [main] TC001_Get_All_Employees - ********************* Finish TC001_Get_All_Employees  ********************
[INFO ] 2020-05-06 14:06:28.715 [main] TC001_Get_All_Employees - *************************started TC001_Get_All_Employees **********************************
[INFO ] 2020-05-06 14:06:30.115 [main] TC001_Get_All_Employees - ********************* checking contentEncoding  ********************
[INFO ] 2020-05-06 14:06:30.115 [main] TC001_Get_All_Employees - contentEncoding == gzip
[INFO ] 2020-05-06 14:06:30.126 [main] TC001_Get_All_Employees - ********************* checking content Length  ********************
[INFO ] 2020-05-06 14:06:30.126 [main] TC001_Get_All_Employees - contentLength is == 595
[INFO ] 2020-05-06 14:06:30.128 [main] TC001_Get_All_Employees - ********************* checking Content Type ********************
[INFO ] 2020-05-06 14:06:30.128 [main] TC001_Get_All_Employees - contentType == application/json;charset=utf-8
[INFO ] 2020-05-06 14:06:30.131 [main] TC001_Get_All_Employees - ********************* checking cookies  ********************
[INFO ] 2020-05-06 14:06:30.137 [main] TC001_Get_All_Employees - ********************* checking response body ********************
[INFO ] 2020-05-06 14:06:30.158 [main] TC001_Get_All_Employees - Response Body =={"status":"success","data":[{"id":"1","employee_name":"Tiger Nixon","employee_salary":"320800","employee_age":"61","profile_image":""},{"id":"2","employee_name":"Garrett Winters","employee_salary":"170750","employee_age":"63","profile_image":""},{"id":"3","employee_name":"Ashton Cox","employee_salary":"86000","employee_age":"66","profile_image":""},{"id":"4","employee_name":"Cedric Kelly","employee_salary":"433060","employee_age":"22","profile_image":""},{"id":"5","employee_name":"Airi Satou","employee_salary":"162700","employee_age":"33","profile_image":""},{"id":"6","employee_name":"Brielle Williamson","employee_salary":"372000","employee_age":"61","profile_image":""},{"id":"7","employee_name":"Herrod Chandler","employee_salary":"137500","employee_age":"59","profile_image":""},{"id":"8","employee_name":"Rhona Davidson","employee_salary":"327900","employee_age":"55","profile_image":""},{"id":"9","employee_name":"Colleen Hurst","employee_salary":"205500","employee_age":"39","profile_image":""},{"id":"10","employee_name":"Sonya Frost","employee_salary":"103600","employee_age":"23","profile_image":""},{"id":"11","employee_name":"Jena Gaines","employee_salary":"90560","employee_age":"30","profile_image":""},{"id":"12","employee_name":"Quinn Flynn","employee_salary":"342000","employee_age":"22","profile_image":""},{"id":"13","employee_name":"Charde Marshall","employee_salary":"470600","employee_age":"36","profile_image":""},{"id":"14","employee_name":"Haley Kennedy","employee_salary":"313500","employee_age":"43","profile_image":""},{"id":"15","employee_name":"Tatyana Fitzpatrick","employee_salary":"385750","employee_age":"19","profile_image":""},{"id":"16","employee_name":"Michael Silva","employee_salary":"198500","employee_age":"66","profile_image":""},{"id":"17","employee_name":"Paul Byrd","employee_salary":"725000","employee_age":"64","profile_image":""},{"id":"18","employee_name":"Gloria Little","employee_salary":"237500","employee_age":"59","profile_image":""},{"id":"19","employee_name":"Bradley Greer","employee_salary":"132000","employee_age":"41","profile_image":""},{"id":"20","employee_name":"Dai Rios","employee_salary":"217500","employee_age":"35","profile_image":""},{"id":"21","employee_name":"Jenette Caldwell","employee_salary":"345000","employee_age":"30","profile_image":""},{"id":"22","employee_name":"Yuri Berry","employee_salary":"675000","employee_age":"40","profile_image":""},{"id":"23","employee_name":"Caesar Vance","employee_salary":"106450","employee_age":"21","profile_image":""},{"id":"24","employee_name":"Doris Wilder","employee_salary":"85600","employee_age":"23","profile_image":""}]}
[INFO ] 2020-05-06 14:06:30.161 [main] TC001_Get_All_Employees - ********************* checking Response Time ********************
[INFO ] 2020-05-06 14:06:30.161 [main] TC001_Get_All_Employees - responseTime == 589
[INFO ] 2020-05-06 14:06:30.163 [main] TC001_Get_All_Employees - ********************* checking server Type ********************
[INFO ] 2020-05-06 14:06:30.164 [main] TC001_Get_All_Employees - serverType == nginx/1.16.0
[INFO ] 2020-05-06 14:06:30.165 [main] TC001_Get_All_Employees - ********************* checking status code ********************
[INFO ] 2020-05-06 14:06:30.165 [main] TC001_Get_All_Employees - statusCode == 200
[INFO ] 2020-05-06 14:06:30.167 [main] TC001_Get_All_Employees - ********************* checking Response Time ********************
[INFO ] 2020-05-06 14:06:30.167 [main] TC001_Get_All_Employees - statusLine == HTTP/1.1 200 OK
[INFO ] 2020-05-06 14:06:30.168 [main] TC001_Get_All_Employees - ********************* Finish TC001_Get_All_Employees  ********************
[INFO ] 2020-05-06 14:06:30.170 [main] TC001_Get_All_Employees - *************************started TC002_GET_Single_Employee_Record **********************************
[INFO ] 2020-05-06 14:06:30.654 [main] TC001_Get_All_Employees - ********************* Finish TC002_GET_Single_Employee_Record  ********************
[INFO ] 2020-05-06 14:06:30.655 [main] TC003_POST_Employee_Record - *************************started TC003_POST_Employee_Record **********************************
[INFO ] 2020-05-06 14:06:36.173 [main] TC003_POST_Employee_Record - ********************* Finish TC003_POST_Employee_Record  ********************
[INFO ] 2020-05-06 14:06:36.174 [main] TC003_POST_Employee_Record - *************************started TC004_PUT_Employee_Record **********************************
[INFO ] 2020-05-06 14:06:41.702 [main] TC003_POST_Employee_Record - ********************* Finish TC004_PUT_Employee_Record  ********************
[INFO ] 2020-05-06 14:29:33.587 [main] TC001_Get_All_Employees - *************************started TC001_Get_All_Employees **********************************
[INFO ] 2020-05-06 14:29:35.202 [main] TC001_Get_All_Employees - ********************* checking contentEncoding  ********************
[INFO ] 2020-05-06 14:29:35.203 [main] TC001_Get_All_Employees - contentEncoding == gzip
[INFO ] 2020-05-06 14:29:35.213 [main] TC001_Get_All_Employees - ********************* checking content Length  ********************
[INFO ] 2020-05-06 14:29:35.213 [main] TC001_Get_All_Employees - contentLength is == 595
[INFO ] 2020-05-06 14:29:35.215 [main] TC001_Get_All_Employees - ********************* checking Content Type ********************
[INFO ] 2020-05-06 14:29:35.215 [main] TC001_Get_All_Employees - contentType == application/json;charset=utf-8
[INFO ] 2020-05-06 14:29:35.218 [main] TC001_Get_All_Employees - ********************* checking cookies  ********************
[INFO ] 2020-05-06 14:29:35.220 [main] TC001_Get_All_Employees - ********************* checking response body ********************
[INFO ] 2020-05-06 14:29:35.247 [main] TC001_Get_All_Employees - Response Body =={"status":"success","data":[{"id":"1","employee_name":"Tiger Nixon","employee_salary":"320800","employee_age":"61","profile_image":""},{"id":"2","employee_name":"Garrett Winters","employee_salary":"170750","employee_age":"63","profile_image":""},{"id":"3","employee_name":"Ashton Cox","employee_salary":"86000","employee_age":"66","profile_image":""},{"id":"4","employee_name":"Cedric Kelly","employee_salary":"433060","employee_age":"22","profile_image":""},{"id":"5","employee_name":"Airi Satou","employee_salary":"162700","employee_age":"33","profile_image":""},{"id":"6","employee_name":"Brielle Williamson","employee_salary":"372000","employee_age":"61","profile_image":""},{"id":"7","employee_name":"Herrod Chandler","employee_salary":"137500","employee_age":"59","profile_image":""},{"id":"8","employee_name":"Rhona Davidson","employee_salary":"327900","employee_age":"55","profile_image":""},{"id":"9","employee_name":"Colleen Hurst","employee_salary":"205500","employee_age":"39","profile_image":""},{"id":"10","employee_name":"Sonya Frost","employee_salary":"103600","employee_age":"23","profile_image":""},{"id":"11","employee_name":"Jena Gaines","employee_salary":"90560","employee_age":"30","profile_image":""},{"id":"12","employee_name":"Quinn Flynn","employee_salary":"342000","employee_age":"22","profile_image":""},{"id":"13","employee_name":"Charde Marshall","employee_salary":"470600","employee_age":"36","profile_image":""},{"id":"14","employee_name":"Haley Kennedy","employee_salary":"313500","employee_age":"43","profile_image":""},{"id":"15","employee_name":"Tatyana Fitzpatrick","employee_salary":"385750","employee_age":"19","profile_image":""},{"id":"16","employee_name":"Michael Silva","employee_salary":"198500","employee_age":"66","profile_image":""},{"id":"17","employee_name":"Paul Byrd","employee_salary":"725000","employee_age":"64","profile_image":""},{"id":"18","employee_name":"Gloria Little","employee_salary":"237500","employee_age":"59","profile_image":""},{"id":"19","employee_name":"Bradley Greer","employee_salary":"132000","employee_age":"41","profile_image":""},{"id":"20","employee_name":"Dai Rios","employee_salary":"217500","employee_age":"35","profile_image":""},{"id":"21","employee_name":"Jenette Caldwell","employee_salary":"345000","employee_age":"30","profile_image":""},{"id":"22","employee_name":"Yuri Berry","employee_salary":"675000","employee_age":"40","profile_image":""},{"id":"23","employee_name":"Caesar Vance","employee_salary":"106450","employee_age":"21","profile_image":""},{"id":"24","employee_name":"Doris Wilder","employee_salary":"85600","employee_age":"23","profile_image":""}]}
[INFO ] 2020-05-06 14:29:35.249 [main] TC001_Get_All_Employees - ********************* checking Response Time ********************
[INFO ] 2020-05-06 14:29:35.250 [main] TC001_Get_All_Employees - responseTime == 677
[INFO ] 2020-05-06 14:29:35.251 [main] TC001_Get_All_Employees - ********************* checking server Type ********************
[INFO ] 2020-05-06 14:29:35.252 [main] TC001_Get_All_Employees - serverType == nginx/1.16.0
[INFO ] 2020-05-06 14:29:35.254 [main] TC001_Get_All_Employees - ********************* checking status code ********************
[INFO ] 2020-05-06 14:29:35.254 [main] TC001_Get_All_Employees - statusCode == 200
[INFO ] 2020-05-06 14:29:35.256 [main] TC001_Get_All_Employees - ********************* checking Response Time ********************
[INFO ] 2020-05-06 14:29:35.257 [main] TC001_Get_All_Employees - statusLine == HTTP/1.1 200 OK
[INFO ] 2020-05-06 14:29:35.262 [main] TC001_Get_All_Employees - ********************* Finish TC001_Get_All_Employees  ********************
[INFO ] 2020-05-06 14:29:35.264 [main] TC001_Get_All_Employees - *************************started TC002_GET_Single_Employee_Record **********************************
[INFO ] 2020-05-06 14:29:35.848 [main] TC001_Get_All_Employees - ********************* Finish TC002_GET_Single_Employee_Record  ********************
[INFO ] 2020-05-06 14:29:35.848 [main] TC003_POST_Employee_Record - *************************started TC003_POST_Employee_Record **********************************
[INFO ] 2020-05-06 14:29:41.365 [main] TC003_POST_Employee_Record - ********************* Finish TC003_POST_Employee_Record  ********************
[INFO ] 2020-05-06 14:29:41.366 [main] TC003_POST_Employee_Record - *************************started TC004_PUT_Employee_Record **********************************
[INFO ] 2020-05-06 14:29:46.876 [main] TC003_POST_Employee_Record - ********************* Finish TC004_PUT_Employee_Record  ********************
